0 info it worked if it ends with ok
1 verbose cli [ '/usr/local/Cellar/node/5.7.1/bin/node',
1 verbose cli   '/usr/local/bin/npm',
1 verbose cli   'run',
1 verbose cli   'test' ]
2 info using npm@3.6.0
3 info using node@v5.7.1
4 verbose run-script [ 'pretest', 'test', 'posttest' ]
5 info lifecycle finboxio-dot-prop@3.0.0~pretest: finboxio-dot-prop@3.0.0
6 silly lifecycle finboxio-dot-prop@3.0.0~pretest: no script for pretest, continuing
7 info lifecycle finboxio-dot-prop@3.0.0~test: finboxio-dot-prop@3.0.0
8 verbose lifecycle finboxio-dot-prop@3.0.0~test: unsafe-perm in lifecycle true
9 verbose lifecycle finboxio-dot-prop@3.0.0~test: PATH: /usr/local/lib/node_modules/npm/bin/node-gyp-bin:/Users/andypai/Projects/lr-websites/packages/dot-prop/node_modules/.bin:/usr/local/bin:/Users/andypai/.nvm/versions/node/v4.2.0/bin:/usr/bin:/bin:/usr/sbin:/sbin:/usr/local/bin:/usr/local/bin/sublime:/usr/local/git/bin:/Applications/TorBrowser.app/Tor:/Applications/Postgres93.app/Contents/MacOS/bin:/Users/andypai/Projects/bash-scripts:/Users/andypai/anaconda/bin:/usr/local/bin/scrapy
10 verbose lifecycle finboxio-dot-prop@3.0.0~test: CWD: /Users/andypai/Projects/lr-websites/packages/dot-prop
11 silly lifecycle finboxio-dot-prop@3.0.0~test: Args: [ '-c', 'ava && xo --no-semicolon' ]
12 silly lifecycle finboxio-dot-prop@3.0.0~test: Returned: code: 1  signal: null
13 info lifecycle finboxio-dot-prop@3.0.0~test: Failed to exec test script
14 verbose stack Error: finboxio-dot-prop@3.0.0 test: `ava && xo --no-semicolon`
14 verbose stack Exit status 1
14 verbose stack     at EventEmitter.<anonymous> (/usr/local/lib/node_modules/npm/lib/utils/lifecycle.js:232:16)
14 verbose stack     at emitTwo (events.js:100:13)
14 verbose stack     at EventEmitter.emit (events.js:185:7)
14 verbose stack     at ChildProcess.<anonymous> (/usr/local/lib/node_modules/npm/lib/utils/spawn.js:24:14)
14 verbose stack     at emitTwo (events.js:100:13)
14 verbose stack     at ChildProcess.emit (events.js:185:7)
14 verbose stack     at maybeClose (internal/child_process.js:827:16)
14 verbose stack     at Process.ChildProcess._handle.onexit (internal/child_process.js:211:5)
15 verbose pkgid finboxio-dot-prop@3.0.0
16 verbose cwd /Users/andypai/Projects/lr-websites/packages/dot-prop
17 error Darwin 15.3.0
18 error argv "/usr/local/Cellar/node/5.7.1/bin/node" "/usr/local/bin/npm" "run" "test"
19 error node v5.7.1
20 error npm  v3.6.0
21 error code ELIFECYCLE
22 error finboxio-dot-prop@3.0.0 test: `ava && xo --no-semicolon`
22 error Exit status 1
23 error Failed at the finboxio-dot-prop@3.0.0 test script 'ava && xo --no-semicolon'.
23 error Make sure you have the latest version of node.js and npm installed.
23 error If you do, this is most likely a problem with the finboxio-dot-prop package,
23 error not with npm itself.
23 error Tell the author that this fails on your system:
23 error     ava && xo --no-semicolon
23 error You can get information on how to open an issue for this project with:
23 error     npm bugs finboxio-dot-prop
23 error Or if that isn't available, you can get their info via:
23 error     npm owner ls finboxio-dot-prop
23 error There is likely additional logging output above.
24 verbose exit [ 1, true ]
